<?xml version="1.0" encoding="UTF-8"?>
<!-- Generated by org.testng.reporters.JUnitReportReporter -->
<testsuite hostname="LAPTOP-U4VEBTG4" failures="0" tests="1" name="testcases.ItemSelection" time="16.130" errors="0" timestamp="2021-04-16T18:06:51 GMT+03:00" skipped="0">
  <testcase classname="testcases.ItemSelection" name="itemSelectTest" time="16.130"/>
  <system-out/>
</testsuite> <!-- testcases.ItemSelection -->
