<?xml version="1.0" encoding="UTF-8"?>
<!-- Generated by org.testng.reporters.JUnitReportReporter -->
<testsuite skipped="0" hostname="LAPTOP-VPTTG4NO" name="testcases.LoginAndLogout" tests="1" failures="0" timestamp="2021-04-16T12:35:22 GST" time="10.243" errors="0">
  <testcase name="dragDropTest" time="10.243" classname="testcases.LoginAndLogout"/>
  <system-out/>
</testsuite> <!-- testcases.LoginAndLogout -->
