<?xml version="1.0" encoding="UTF-8"?>
<!-- Generated by org.testng.reporters.JUnitReportReporter -->
<testsuite skipped="0" hostname="LAPTOP-VPTTG4NO" name="testcases.LoginWithIncorrectCreds" tests="1" failures="0" timestamp="2021-02-27T11:21:04 GST" time="6.330" errors="0">
  <testcase name="loginWithIncorrectDetails" time="6.330" classname="testcases.LoginWithIncorrectCreds"/>
  <system-out/>
</testsuite> <!-- testcases.LoginWithIncorrectCreds -->
