<?xml version="1.0" encoding="UTF-8"?>
<!-- Generated by org.testng.reporters.JUnitReportReporter -->
<testsuite hostname="LAPTOP-U4VEBTG4" failures="0" tests="1" name="testcases.DragAndDropTheElement" time="17.951" errors="0" timestamp="2021-04-16T18:06:51 GMT+03:00" skipped="0">
  <testcase classname="testcases.DragAndDropTheElement" name="dragDropTest" time="17.951"/>
  <system-out/>
</testsuite> <!-- testcases.DragAndDropTheElement -->
