<?xml version="1.0" encoding="UTF-8"?>
<!-- Generated by org.testng.reporters.JUnitReportReporter -->
<testsuite skipped="0" hostname="LAPTOP-VPTTG4NO" name="testcases.CreateLeadWithMandatoryFields" tests="2" failures="0" timestamp="2021-02-28T12:10:49 GST" time="35.046" errors="0">
  <testcase name="loginLogout" time="17.553" classname="testcases.CreateLeadWithMandatoryFields"/>
  <system-out/>
  <testcase name="loginLogout" time="17.493" classname="testcases.CreateLeadWithMandatoryFields"/>
  <system-out/>
</testsuite> <!-- testcases.CreateLeadWithMandatoryFields -->
